<?xml version="1.0" encoding="UTF-8"?>
<testsuite xmlns:xsi="http://www.w3.org/2001/XMLSchema-instance" xsi:noNamespaceSchemaLocation="https://maven.apache.org/surefire/maven-surefire-plugin/xsd/surefire-test-report.xsd" name="TestSuite" time="30.427" tests="3" errors="0" skipped="0" failures="0">
  <properties>
[...]
</properties>
  <testcase name="loginMMP" classname="org.iit.patientmodule.tests.EditPatientProfileSaveTests" time="10.455"/>
  <testcase name="editProfileAndVerify" classname="org.iit.patientmodule.tests.EditPatientProfileSaveTests" time="7.207"/>
  <testcase name="logout" classname="org.iit.patientmodule.tests.EditPatientProfileSaveTests" time="0.989"/>
</testsuite>