<?xml version="1.0" encoding="UTF-8"?>
<testng-results ignored="0" total="4" passed="4" failed="0" skipped="0">
  <reporter-output>
  </reporter-output>
  <suite started-at="2020-09-22T01:03:41Z" name="Suite" finished-at="2020-09-22T01:04:14Z" duration-ms="32720">
    <groups>
    </groups>
    <test started-at="2020-09-22T01:03:41Z" name="Test" finished-at="2020-09-22T01:04:14Z" duration-ms="32720">
      <class name="org.iit.adminmodule.tests.MessageSendingDocTests">
        <test-method signature="sendMessageAsPatient()[pri:1, instance:org.iit.adminmodule.tests.MessageSendingDocTests@2dc54ad4]" started-at="2020-09-22T01:03:41Z" name="sendMessageAsPatient" finished-at="2020-09-22T01:04:04Z" duration-ms="22413" status="PASS">
          <reporter-output>
          </reporter-output>
        </test-method> <!-- sendMessageAsPatient -->
        <test-method signature="logoutPatient()[pri:2, instance:org.iit.adminmodule.tests.MessageSendingDocTests@2dc54ad4]" started-at="2020-09-22T01:04:04Z" name="logoutPatient" finished-at="2020-09-22T01:04:04Z" duration-ms="463" status="PASS">
          <reporter-output>
          </reporter-output>
        </test-method> <!-- logoutPatient -->
        <test-method signature="validateMessageAsAdmin()[pri:3, instance:org.iit.adminmodule.tests.MessageSendingDocTests@2dc54ad4]" started-at="2020-09-22T01:04:04Z" name="validateMessageAsAdmin" finished-at="2020-09-22T01:04:13Z" duration-ms="8823" status="PASS">
          <reporter-output>
          </reporter-output>
        </test-method> <!-- validateMessageAsAdmin -->
        <test-method signature="closeURL()[pri:4, instance:org.iit.adminmodule.tests.MessageSendingDocTests@2dc54ad4]" started-at="2020-09-22T01:04:13Z" name="closeURL" finished-at="2020-09-22T01:04:14Z" duration-ms="1002" status="PASS">
          <reporter-output>
          </reporter-output>
        </test-method> <!-- closeURL -->
      </class> <!-- org.iit.adminmodule.tests.MessageSendingDocTests -->
    </test> <!-- Test -->
  </suite> <!-- Suite -->
</testng-results>
