<?xml version="1.0" encoding="UTF-8"?>
<testng-results ignored="0" total="3" passed="3" failed="0" skipped="0">
  <reporter-output>
  </reporter-output>
  <suite started-at="2020-09-06T20:47:37Z" name="Default suite" finished-at="2020-09-06T20:48:07Z" duration-ms="29741">
    <groups>
    </groups>
    <test started-at="2020-09-06T20:47:37Z" name="Default test" finished-at="2020-09-06T20:48:07Z" duration-ms="29741">
      <class name="org.iit.patientmodule.tests.ScheduleAppoinmentTests">
        <test-method is-config="true" signature="beforeTest()[pri:0, instance:org.iit.patientmodule.tests.ScheduleAppoinmentTests@5d0bf09b]" started-at="2020-09-06T20:47:37Z" name="beforeTest" finished-at="2020-09-06T20:47:48Z" duration-ms="10537" status="PASS">
          <reporter-output>
          </reporter-output>
        </test-method> <!-- beforeTest -->
        <test-method signature="loginMMP()[pri:1, instance:org.iit.patientmodule.tests.ScheduleAppoinmentTests@5d0bf09b]" started-at="2020-09-06T20:47:48Z" name="loginMMP" finished-at="2020-09-06T20:47:58Z" duration-ms="9939" status="PASS">
          <reporter-output>
          </reporter-output>
        </test-method> <!-- loginMMP -->
        <test-method signature="validateScheduleAppointment()[pri:2, instance:org.iit.patientmodule.tests.ScheduleAppoinmentTests@5d0bf09b]" started-at="2020-09-06T20:47:58Z" name="validateScheduleAppointment" finished-at="2020-09-06T20:48:06Z" duration-ms="8226" status="PASS">
          <reporter-output>
          </reporter-output>
        </test-method> <!-- validateScheduleAppointment -->
        <test-method signature="logout()[pri:3, instance:org.iit.patientmodule.tests.ScheduleAppoinmentTests@5d0bf09b]" started-at="2020-09-06T20:48:06Z" name="logout" finished-at="2020-09-06T20:48:07Z" duration-ms="1020" status="PASS">
          <reporter-output>
          </reporter-output>
        </test-method> <!-- logout -->
      </class> <!-- org.iit.patientmodule.tests.ScheduleAppoinmentTests -->
    </test> <!-- Default test -->
  </suite> <!-- Default suite -->
</testng-results>
