<?xml version="1.0" encoding="UTF-8"?>
<testng-results ignored="0" total="4" passed="4" failed="0" skipped="0">
  <reporter-output>
  </reporter-output>
  <suite started-at="2020-09-22T22:37:35Z" name="Default suite" finished-at="2020-09-22T22:38:09Z" duration-ms="33733">
    <groups>
    </groups>
    <test started-at="2020-09-22T22:37:35Z" name="Default test" finished-at="2020-09-22T22:38:09Z" duration-ms="33733">
      <class name="org.iit.adminmodule.tests.MessageSendingDocTests">
        <test-method signature="sendMessageAsPatient()[pri:1, instance:org.iit.adminmodule.tests.MessageSendingDocTests@2a265ea9]" started-at="2020-09-22T22:37:35Z" name="sendMessageAsPatient" finished-at="2020-09-22T22:37:58Z" duration-ms="22859" status="PASS">
          <reporter-output>
          </reporter-output>
        </test-method> <!-- sendMessageAsPatient -->
        <test-method signature="logoutPatient()[pri:2, instance:org.iit.adminmodule.tests.MessageSendingDocTests@2a265ea9]" started-at="2020-09-22T22:37:58Z" name="logoutPatient" finished-at="2020-09-22T22:37:59Z" duration-ms="378" status="PASS">
          <reporter-output>
          </reporter-output>
        </test-method> <!-- logoutPatient -->
        <test-method signature="validateMessageAsAdmin()[pri:3, instance:org.iit.adminmodule.tests.MessageSendingDocTests@2a265ea9]" started-at="2020-09-22T22:37:59Z" name="validateMessageAsAdmin" finished-at="2020-09-22T22:38:08Z" duration-ms="9299" status="PASS">
          <reporter-output>
          </reporter-output>
        </test-method> <!-- validateMessageAsAdmin -->
        <test-method signature="closeURL()[pri:4, instance:org.iit.adminmodule.tests.MessageSendingDocTests@2a265ea9]" started-at="2020-09-22T22:38:08Z" name="closeURL" finished-at="2020-09-22T22:38:09Z" duration-ms="1107" status="PASS">
          <reporter-output>
          </reporter-output>
        </test-method> <!-- closeURL -->
      </class> <!-- org.iit.adminmodule.tests.MessageSendingDocTests -->
    </test> <!-- Default test -->
  </suite> <!-- Default suite -->
</testng-results>
